[    0.000000] Initializing cgroup subsys cpuset
[    0.000000] Initializing cgroup subsys cpu
[    0.000000] Initializing cgroup subsys cpuacct
[    0.000000] Linux version 4.4.0-116-generic (buildd@lgw01-amd64-021) (gcc version 5.4.0 20160609 (Ubuntu 5.4.0-6ubuntu1~16.04.9) ) #140-Ubuntu SMP Mon Feb 12 21:23:04 UTC 2018 (Ubuntu 4.4.0-116.140-generic 4.4.98)
[    0.000000] Command line: BOOT_IMAGE=/boot/vmlinuz-4.4.0-116-generic root=LABEL=cloudimg-rootfs ro console=tty1 console=ttyS0
[    0.000000] KERNEL supported cpus:
[    0.000000]   Intel GenuineIntel
[    0.000000]   AMD AuthenticAMD
[    0.000000]   Centaur CentaurHauls
[    0.000000] x86/fpu: xstate_offset[2]:  576, xstate_sizes[2]:  256
[    0.000000] x86/fpu: Supporting XSAVE feature 0x01: 'x87 floating point registers'
[    0.000000] x86/fpu: Supporting XSAVE feature 0x02: 'SSE registers'
[    0.000000] x86/fpu: Supporting XSAVE feature 0x04: 'AVX registers'
[    0.000000] x86/fpu: Enabled xstate features 0x7, context size is 832 bytes, using 'standard' format.
[    0.000000] x86/fpu: Using 'lazy' FPU context switches.
[    0.000000] e820: BIOS-provided physical RAM map:
[    0.000000] BIOS-e820: [mem 0x0000000000000000-0x000000000009fbff] usable
[    0.000000] BIOS-e820: [mem 0x000000000009fc00-0x000000000009ffff] reserved
[    0.000000] BIOS-e820: [mem 0x00000000000f0000-0x00000000000fffff] reserved
[    0.000000] BIOS-e820: [mem 0x0000000000100000-0x000000003ffeffff] usable
[    0.000000] BIOS-e820: [mem 0x000000003fff0000-0x000000003fffffff] ACPI data
[    0.000000] BIOS-e820: [mem 0x00000000fec00000-0x00000000fec00fff] reserved
[    0.000000] BIOS-e820: [mem 0x00000000fee00000-0x00000000fee00fff] reserved
[    0.000000] BIOS-e820: [mem 0x00000000fffc0000-0x00000000ffffffff] reserved
[    0.000000] NX (Execute Disable) protection: active
[    0.000000] SMBIOS 2.5 present.
[    0.000000] Hypervisor detected: KVM
[    0.000000] e820: last_pfn = 0x3fff0 max_arch_pfn = 0x400000000
[    0.000000] MTRR: Disabled
[    0.000000] x86/PAT: MTRRs disabled, skipping PAT initialization too.
[    0.000000] CPU MTRRs all blank - virtualized system.
[    0.000000] x86/PAT: Configuration [0-7]: WB  WT  UC- UC  WB  WT  UC- UC  
[    0.000000] found SMP MP-table at [mem 0x0009fff0-0x0009ffff] mapped at [ffff88000009fff0]
[    0.000000] Scanning 1 areas for low memory corruption
[    0.000000] RAMDISK: [mem 0x36ac2000-0x37558fff]
[    0.000000] ACPI: Early table checksum verification disabled
[    0.000000] ACPI: RSDP 0x00000000000E0000 000024 (v02 VBOX  )
[    0.000000] ACPI: XSDT 0x000000003FFF0030 00003C (v01 VBOX   VBOXXSDT 00000001 ASL  00000061)
[    0.000000] ACPI: FACP 0x000000003FFF00F0 0000F4 (v04 VBOX   VBOXFACP 00000001 ASL  00000061)
[    0.000000] ACPI: DSDT 0x000000003FFF0470 0021FF (v02 VBOX   VBOXBIOS 00000002 INTL 20100528)
[    0.000000] ACPI: FACS 0x000000003FFF0200 000040
[    0.000000] ACPI: FACS 0x000000003FFF0200 000040
[    0.000000] ACPI: APIC 0x000000003FFF0240 00005C (v02 VBOX   VBOXAPIC 00000001 ASL  00000061)
[    0.000000] ACPI: SSDT 0x000000003FFF02A0 0001CC (v01 VBOX   VBOXCPUT 00000002 INTL 20100528)
[    0.000000] No NUMA configuration found
[    0.000000] Faking a node at [mem 0x0000000000000000-0x000000003ffeffff]
[    0.000000] NODE_DATA(0) allocated [mem 0x3ffeb000-0x3ffeffff]
[    0.000000] kvm-clock: Using msrs 4b564d01 and 4b564d00
[    0.000000] kvm-clock: cpu 0, msr 0:3ffe3001, primary cpu clock
[    0.000000] kvm-clock: using sched offset of 3434424202 cycles
[    0.000000] clocksource: kvm-clock: mask: 0xffffffffffffffff max_cycles: 0x1cd42e4dffb, max_idle_ns: 881590591483 ns
[    0.000000] Zone ranges:
[    0.000000]   DMA      [mem 0x0000000000001000-0x0000000000ffffff]
[    0.000000]   DMA32    [mem 0x0000000001000000-0x000000003ffeffff]
[    0.000000]   Normal   empty
[    0.000000]   Device   empty
[    0.000000] Movable zone start for each node
[    0.000000] Early memory node ranges
[    0.000000]   node   0: [mem 0x0000000000001000-0x000000000009efff]
[    0.000000]   node   0: [mem 0x0000000000100000-0x000000003ffeffff]
[    0.000000] Initmem setup node 0 [mem 0x0000000000001000-0x000000003ffeffff]
[    0.000000] ACPI: PM-Timer IO Port: 0x4008
[    0.000000] IOAPIC[0]: apic_id 2, version 32, address 0xfec00000, GSI 0-23
[    0.000000] ACPI: INT_SRC_OVR (bus 0 bus_irq 0 global_irq 2 dfl dfl)
[    0.000000] ACPI: INT_SRC_OVR (bus 0 bus_irq 9 global_irq 9 high level)
[    0.000000] Using ACPI (MADT) for SMP configuration information
[    0.000000] smpboot: Allowing 2 CPUs, 0 hotplug CPUs
[    0.000000] PM: Registered nosave memory: [mem 0x00000000-0x00000fff]
[    0.000000] PM: Registered nosave memory: [mem 0x0009f000-0x0009ffff]
[    0.000000] PM: Registered nosave memory: [mem 0x000a0000-0x000effff]
[    0.000000] PM: Registered nosave memory: [mem 0x000f0000-0x000fffff]
[    0.000000] e820: [mem 0x40000000-0xfebfffff] available for PCI devices
[    0.000000] Booting paravirtualized kernel on KVM
[    0.000000] clocksource: refined-jiffies: mask: 0xffffffff max_cycles: 0xffffffff, max_idle_ns: 7645519600211568 ns
[    0.000000] setup_percpu: NR_CPUS:512 nr_cpumask_bits:512 nr_cpu_ids:2 nr_node_ids:1
[    0.000000] PERCPU: Embedded 34 pages/cpu @ffff88003fc00000 s99544 r8192 d31528 u1048576
[    0.000000] PV qspinlock hash table entries: 256 (order: 0, 4096 bytes)
[    0.000000] Built 1 zonelists in Node order, mobility grouping on.  Total pages: 257913
[    0.000000] Policy zone: DMA32
[    0.000000] Kernel command line: BOOT_IMAGE=/boot/vmlinuz-4.4.0-116-generic root=LABEL=cloudimg-rootfs ro console=tty1 console=ttyS0
[    0.000000] PID hash table entries: 4096 (order: 3, 32768 bytes)
[    0.000000] Memory: 1001688K/1048120K available (8530K kernel code, 1309K rwdata, 3992K rodata, 1508K init, 1316K bss, 46432K reserved, 0K cma-reserved)
[    0.000000] SLUB: HWalign=64, Order=0-3, MinObjects=0, CPUs=2, Nodes=1
[    0.000000] Kernel/User page tables isolation: enabled
[    0.000000] Hierarchical RCU implementation.
[    0.000000] 	Build-time adjustment of leaf fanout to 64.
[    0.000000] 	RCU restricting CPUs from NR_CPUS=512 to nr_cpu_ids=2.
[    0.000000] RCU: Adjusting geometry for rcu_fanout_leaf=64, nr_cpu_ids=2
[    0.000000] NR_IRQS:33024 nr_irqs:440 16
[    0.000000] Console: colour VGA+ 80x25
[    0.000000] console [tty1] enabled
[    0.000000] console [ttyS0] enabled
[    0.000000] tsc: Detected 2394.424 MHz processor
[    0.467744] Calibrating delay loop (skipped) preset value.. 4788.84 BogoMIPS (lpj=9577696)
[    0.469354] pid_max: default: 32768 minimum: 301
[    0.497380] ACPI: Core revision 20150930
[    0.508617] ACPI: 2 ACPI AML tables successfully acquired and loaded
[    0.511016] Security Framework initialized
[    0.511875] Yama: becoming mindful.
[    0.512610] AppArmor: AppArmor initialized
[    0.513496] Dentry cache hash table entries: 131072 (order: 8, 1048576 bytes)
[    0.518365] Inode-cache hash table entries: 65536 (order: 7, 524288 bytes)
[    0.575490] Mount-cache hash table entries: 2048 (order: 2, 16384 bytes)
[    0.605861] Mountpoint-cache hash table entries: 2048 (order: 2, 16384 bytes)
[    0.608354] Initializing cgroup subsys io
[    0.610905] Initializing cgroup subsys memory
[    0.611744] Initializing cgroup subsys devices
[    0.612578] Initializing cgroup subsys freezer
[    0.613421] Initializing cgroup subsys net_cls
[    0.614270] Initializing cgroup subsys perf_event
[    0.615159] Initializing cgroup subsys net_prio
[    0.640957] Initializing cgroup subsys hugetlb
[    0.641846] Initializing cgroup subsys pids
[    0.642779] CPU: Physical Processor ID: 0
[    0.643630] CPU: Processor Core ID: 0
[    0.644418] FEATURE SPEC_CTRL Not Present
[    0.646185] mce: CPU supports 0 MCE banks
[    0.652868] Last level iTLB entries: 4KB 1024, 2MB 1024, 4MB 1024
[    0.656201] Last level dTLB entries: 4KB 1024, 2MB 1024, 4MB 1024, 1GB 4
[    0.657325] Spectre V2 mitigation: Mitigation: Full generic retpoline
[    0.658477] Spectre V2 mitigation: Speculation control IBPB not-supported IBRS not-supported
[    0.667769] Freeing SMP alternatives memory: 32K
[    0.679742] ftrace: allocating 32186 entries in 126 pages
[    0.736529] smpboot: APIC(0) Converting physical 0 to logical package 0
[    0.743081] smpboot: Max logical packages: 1
[    0.745477] x2apic enabled
[    0.755922] Switched APIC routing to physical x2apic.
[    0.757991] ..TIMER: vector=0x30 apic1=0 pin1=2 apic2=-1 pin2=-1
[    0.867120] smpboot: CPU0: Intel(R) Core(TM) i5-4210U CPU @ 1.70GHz (family: 0x6, model: 0x45, stepping: 0x1)
[    0.874067] Performance Events: unsupported p6 CPU model 69 no PMU driver, software events only.
[    0.875841] KVM setup paravirtual spinlock
[    0.877441] x86: Booting SMP configuration:
[    0.878284] .... node  #0, CPUs:      #1
[    0.879206] kvm-clock: cpu 1, msr 0:3ffe3041, secondary cpu clock
[    0.900270] mce: CPU supports 0 MCE banks
[    0.909305] x86: Booted up 1 node, 2 CPUs
[    0.914728] smpboot: Total of 2 processors activated (9577.69 BogoMIPS)
[    0.924132] devtmpfs: initialized
[    0.929964] evm: security.selinux
[    0.932220] evm: security.SMACK64
[    0.932922] evm: security.SMACK64EXEC
[    0.933655] evm: security.SMACK64TRANSMUTE
[    0.941366] evm: security.SMACK64MMAP
[    0.944288] evm: security.ima
[    0.955564] evm: security.capability
[    0.979226] clocksource: jiffies: mask: 0xffffffff max_cycles: 0xffffffff, max_idle_ns: 7645041785100000 ns
[    1.007211] futex hash table entries: 512 (order: 3, 32768 bytes)
[    1.008431] pinctrl core: initialized pinctrl subsystem
[    1.009503] RTC time:  5:24:11, date: 03/20/18
[    1.010547] NET: Registered protocol family 16
[    1.023527] cpuidle: using governor ladder
[    1.040067] cpuidle: using governor menu
[    1.058264] PCCT header not found.
[    1.060156] ACPI: bus type PCI registered
[    1.066212] acpiphp: ACPI Hot Plug PCI Controller Driver version: 0.5
[    1.067442] PCI: Using configuration type 1 for base access
[    1.080797] ACPI: Added _OSI(Module Device)
[    1.095828] ACPI: Added _OSI(Processor Device)
[    1.096700] ACPI: Added _OSI(3.0 _SCP Extensions)
[    1.097620] ACPI: Added _OSI(Processor Aggregator Device)
[    1.099406] ACPI: Executed 1 blocks of module-level executable AML code
[    1.113896] ACPI: Interpreter enabled
[    1.117947] ACPI: (supports S0 S5)
[    1.119792] ACPI: Using IOAPIC for interrupt routing
[    1.120876] PCI: Using host bridge windows from ACPI; if necessary, use "pci=nocrs" and report a bug
[    1.135599] ACPI: PCI Root Bridge [PCI0] (domain 0000 [bus 00-ff])
[    1.142058] acpi PNP0A03:00: _OSC: OS supports [ASPM ClockPM Segments MSI]
[    1.176064] acpi PNP0A03:00: _OSC: not requesting OS control; OS requires [ExtendedConfig ASPM ClockPM MSI]
[    1.177824] acpi PNP0A03:00: fail to add MMCONFIG information, can't access extended PCI configuration space under this bridge.
[    1.180138] PCI host bridge to bus 0000:00
[    1.215731] pci_bus 0000:00: root bus resource [io  0x0000-0x0cf7 window]
[    1.271800] pci_bus 0000:00: root bus resource [io  0x0d00-0xffff window]
[    1.272949] pci_bus 0000:00: root bus resource [mem 0x000a0000-0x000bffff window]
[    1.274413] pci_bus 0000:00: root bus resource [mem 0x40000000-0xffdfffff window]
[    1.276933] pci_bus 0000:00: root bus resource [bus 00-ff]
[    1.279473] pci 0000:00:01.1: legacy IDE quirk: reg 0x10: [io  0x01f0-0x01f7]
[    1.280654] pci 0000:00:01.1: legacy IDE quirk: reg 0x14: [io  0x03f6]
[    1.281765] pci 0000:00:01.1: legacy IDE quirk: reg 0x18: [io  0x0170-0x0177]
[    1.329204] pci 0000:00:01.1: legacy IDE quirk: reg 0x1c: [io  0x0376]
[    1.418807] pci 0000:00:07.0: quirk: [io  0x4000-0x403f] claimed by PIIX4 ACPI
[    1.434826] pci 0000:00:07.0: quirk: [io  0x4100-0x410f] claimed by PIIX4 SMB
[    1.447283] ACPI: PCI Interrupt Link [LNKA] (IRQs 5 9 10 *11)
[    1.472747] ACPI: PCI Interrupt Link [LNKB] (IRQs 5 9 10 *11)
[    1.474409] ACPI: PCI Interrupt Link [LNKC] (IRQs 5 9 *10 11)
[    1.476080] ACPI: PCI Interrupt Link [LNKD] (IRQs 5 *9 10 11)
[    1.481586] ACPI: Enabled 2 GPEs in block 00 to 07
[    1.487510] vgaarb: setting as boot device: PCI:0000:00:02.0
[    1.494177] vgaarb: device added: PCI:0000:00:02.0,decodes=io+mem,owns=io+mem,locks=none
[    1.495768] vgaarb: loaded
[    1.496410] vgaarb: bridge control possible 0000:00:02.0
[    1.497663] SCSI subsystem initialized
[    1.498620] ACPI: bus type USB registered
[    1.504862] usbcore: registered new interface driver usbfs
[    1.507081] usbcore: registered new interface driver hub
[    1.508229] usbcore: registered new device driver usb
[    1.510148] PCI: Using ACPI for IRQ routing
[    1.512341] NetLabel: Initializing
[    1.514153] NetLabel:  domain hash size = 128
[    1.515000] NetLabel:  protocols = UNLABELED CIPSOv4
[    1.545721] NetLabel:  unlabeled traffic allowed by default
[    1.573323] amd_nb: Cannot enumerate AMD northbridges
[    1.644102] clocksource: Switched to clocksource kvm-clock
[    1.667651] AppArmor: AppArmor Filesystem Enabled
[    1.676097] pnp: PnP ACPI init
[    1.686474] pnp: PnP ACPI: found 3 devices
[    1.761262] clocksource: acpi_pm: mask: 0xffffff max_cycles: 0xffffff, max_idle_ns: 2085701024 ns
[    1.779252] NET: Registered protocol family 2
[    1.780318] TCP established hash table entries: 8192 (order: 4, 65536 bytes)
[    1.781504] TCP bind hash table entries: 8192 (order: 5, 131072 bytes)
[    1.782626] TCP: Hash tables configured (established 8192 bind 8192)
[    1.783777] UDP hash table entries: 512 (order: 2, 16384 bytes)
[    1.829373] UDP-Lite hash table entries: 512 (order: 2, 16384 bytes)
[    1.841321] NET: Registered protocol family 1
[    1.842338] pci 0000:00:00.0: Limiting direct PCI/PCI transfers
[    1.845174] pci 0000:00:01.0: Activating ISA DMA hang workarounds
[    1.846367] Unpacking initramfs...
[    3.902084] Freeing initrd memory: 10844K
[    3.908496] RAPL PMU detected, API unit is 2^-32 Joules, 4 fixed counters 10737418240 ms ovfl timer
[    3.912880] hw unit of domain pp0-core 2^-0 Joules
[    3.914204] hw unit of domain package 2^-0 Joules
[    3.915244] hw unit of domain dram 2^-0 Joules
[    3.916105] hw unit of domain pp1-gpu 2^-0 Joules
[    3.917263] platform rtc_cmos: registered platform RTC device (no PNP device found)
[    3.921020] Scanning for low memory corruption every 60 seconds
[    3.957174] audit: initializing netlink subsys (disabled)
[    3.960745] audit: type=2000 audit(1521523458.571:1): initialized
[    3.975869] Initialise system trusted keyring
[    3.978041] HugeTLB registered 2 MB page size, pre-allocated 0 pages
[    3.982388] zbud: loaded
[    3.990201] VFS: Disk quotas dquot_6.6.0
[    3.993034] VFS: Dquot-cache hash table entries: 512 (order 0, 4096 bytes)
[    4.042315] squashfs: version 4.0 (2009/01/31) Phillip Lougher
[    4.062669] fuse init (API version 7.23)
[    4.066184] Key type big_key registered
[    4.078061] Allocating IMA MOK and blacklist keyrings.
[    4.097327] Key type asymmetric registered
[    4.148627] Asymmetric key parser 'x509' registered
[    4.161049] Block layer SCSI generic (bsg) driver version 0.4 loaded (major 249)
[    4.162768] io scheduler noop registered
[    4.163645] io scheduler deadline registered (default)
[    4.164816] io scheduler cfq registered
[    4.169138] pci_hotplug: PCI Hot Plug PCI Core version: 0.5
[    4.178383] pciehp: PCI Express Hot Plug Controller Driver version: 0.4
[    4.216451] ACPI: AC Adapter [AC] (off-line)
[    4.237015] input: Power Button as /devices/LNXSYSTM:00/LNXPWRBN:00/input/input0
[    4.238546] ACPI: Power Button [PWRF]
[    4.239367] input: Sleep Button as /devices/LNXSYSTM:00/LNXSLPBN:00/input/input1
[    4.246303] ACPI: Sleep Button [SLPF]
[    4.247295] GHES: HEST is not enabled!
[    4.247962] ACPI: Battery Slot [BAT0] (battery present)
[    4.257723] Serial: 8250/16550 driver, 32 ports, IRQ sharing enabled
[    4.280597] 00:02: ttyS0 at I/O 0x3f8 (irq = 4, base_baud = 115200) is a 16550A
[    4.315649] Linux agpgart interface v0.103
[    4.336685] loop: module loaded
[    4.401216] scsi host0: ata_piix
[    4.410314] scsi host1: ata_piix
[    4.412114] ata1: PATA max UDMA/33 cmd 0x1f0 ctl 0x3f6 bmdma 0xd000 irq 14
[    4.413274] ata2: PATA max UDMA/33 cmd 0x170 ctl 0x376 bmdma 0xd008 irq 15
[    4.414601] libphy: Fixed MDIO Bus: probed
[    4.415515] tun: Universal TUN/TAP device driver, 1.6
[    4.476114] tun: (C) 1999-2004 Max Krasnyansky <maxk@qualcomm.com>
[    4.477327] PPP generic driver version 2.4.2
[    4.478290] ehci_hcd: USB 2.0 'Enhanced' Host Controller (EHCI) Driver
[    4.479398] ehci-pci: EHCI PCI platform driver
[    4.480305] ehci-platform: EHCI generic platform driver
[    4.509671] ohci_hcd: USB 1.1 'Open' Host Controller (OHCI) Driver
[    4.546045] ohci-pci: OHCI PCI platform driver
[    4.546917] ohci-platform: OHCI generic platform driver
[    4.547861] uhci_hcd: USB Universal Host Controller Interface driver
[    4.549030] i8042: PNP: PS/2 Controller [PNP0303:PS2K,PNP0f03:PS2M] at 0x60,0x64 irq 1,12
[    4.551039] serio: i8042 KBD port at 0x60,0x64 irq 1
[    4.553016] serio: i8042 AUX port at 0x60,0x64 irq 12
[    4.554235] mousedev: PS/2 mouse device common for all mice
[    4.578016] input: AT Translated Set 2 keyboard as /devices/platform/i8042/serio0/input/input2
[    4.580133] rtc_cmos rtc_cmos: rtc core: registered rtc_cmos as rtc0
[    4.581292] rtc_cmos rtc_cmos: alarms up to one day, 114 bytes nvram
[    4.582422] i2c /dev entries driver
[    4.583203] device-mapper: uevent: version 1.0.3
[    4.584213] device-mapper: ioctl: 4.34.0-ioctl (2015-10-28) initialised: dm-devel@redhat.com
[    4.585812] ledtrig-cpu: registered to indicate activity on CPUs
[    4.587496] NET: Registered protocol family 10
[    4.618256] NET: Registered protocol family 17
[    4.620965] Key type dns_resolver registered
[    4.627474] microcode: CPU0 sig=0x40651, pf=0x40, revision=0x0
[    4.643024] microcode: CPU1 sig=0x40651, pf=0x40, revision=0x0
[    4.670027] microcode: Microcode Update Driver: v2.01 <tigran@aivazian.fsnet.co.uk>, Peter Oruba
[    4.721809] registered taskstats version 1
[    4.752460] Loading compiled-in X.509 certificates
[    4.754107] Loaded X.509 cert 'Build time autogenerated kernel key: aa84f01984fbd529c105810b59e379d349698248'
[    4.817667] zswap: loaded using pool lzo/zbud
[    4.820566] Key type trusted registered
[    4.856748] Key type encrypted registered
[    4.862859] AppArmor: AppArmor sha1 policy hashing enabled
[    4.863945] ima: No TPM chip found, activating TPM-bypass!
[    4.865037] evm: HMAC attrs: 0x1
[    4.866050]   Magic number: 10:386:416
[    4.868028] rtc_cmos rtc_cmos: setting system clock to 2018-03-20 05:24:15 UTC (1521523455)
[    4.869889] BIOS EDD facility v0.16 2004-Jun-25, 0 devices found
[    4.888589] EDD information not available.
[    4.893817] Freeing unused kernel memory: 1508K
[    4.936348] Write protecting the kernel read-only data: 14336k
[    4.942716] tsc: Refined TSC clocksource calibration: 2394.977 MHz
[    4.943790] clocksource: tsc: mask: 0xffffffffffffffff max_cycles: 0x2285ae6a7a5, max_idle_ns: 440795263273 ns
[    5.126460] Freeing unused kernel memory: 1700K
[    5.130326] Freeing unused kernel memory: 104K
Loading, please wait...
starting version[    5.149022] random: systemd-udevd: uninitialized urandom read (16 bytes read, 2 bits of entropy available)
 229
[    5.149837] random: udevadm: uninitialized urandom read (16 bytes read, 2 bits of entropy available)
[    5.149857] random: udevadm: uninitialized urandom read (16 bytes read, 2 bits of entropy available)
[    5.159120] random: udevadm: uninitialized urandom read (16 bytes read, 2 bits of entropy available)
[    5.159168] random: udevadm: uninitialized urandom read (16 bytes read, 2 bits of entropy available)
[    5.159314] random: udevadm: uninitialized urandom read (16 bytes read, 2 bits of entropy available)
[    5.159369] random: udevadm: uninitialized urandom read (16 bytes read, 2 bits of entropy available)
[    5.159423] random: udevadm: uninitialized urandom read (16 bytes read, 2 bits of entropy available)
[    5.159476] random: udevadm: uninitialized urandom read (16 bytes read, 2 bits of entropy available)
[    5.159526] random: udevadm: uninitialized urandom read (16 bytes read, 2 bits of entropy available)
[    5.323579] Fusion MPT base driver 3.04.20
[    5.342709] Copyright (c) 1999-2008 LSI Corporation
[    5.345601] e1000: Intel(R) PRO/1000 Network Driver - version 7.3.21-k8-NAPI
[    5.351182] e1000: Copyright (c) 1999-2006 Intel Corporation.
[    5.356725] Fusion MPT SPI Host driver 3.04.20
[    5.371659] AVX version of gcm_enc/dec engaged.
[    5.386145] AES CTR mode by8 optimization enabled
[    5.567792] input: ImExPS/2 Generic Explorer Mouse as /devices/platform/i8042/serio1/input/input4
[    5.740132] e1000 0000:00:03.0 eth0: (PCI:33MHz:32-bit) 02:74:f2:80:ad:a4
[    5.746712] e1000 0000:00:03.0 eth0: Intel(R) PRO/1000 Network Connection
[    5.748765] mptbase: ioc0: Initiating bringup
[    5.749461] e1000 0000:00:03.0 enp0s3: renamed from eth0
[    5.856486] ioc0: LSI53C1030 A0: Capabilities={Initiator}
[    6.130320] scsi host2: ioc0: LSI53C1030 A0, FwRev=00000000h, Ports=1, MaxQ=256, IRQ=20
[    6.364893] scsi 2:0:0:0: Direct-Access     VBOX     HARDDISK         1.0  PQ: 0 ANSI: 5
[    6.387966] scsi target2:0:0: Beginning Domain Validation
[    6.390965] scsi target2:0:0: Domain Validation skipping write tests
[    6.393331] scsi target2:0:0: Ending Domain Validation
[    6.394426] scsi target2:0:0: asynchronous
[    6.395705] scsi 2:0:1:0: Direct-Access     VBOX     HARDDISK         1.0  PQ: 0 ANSI: 5
[    6.403725] scsi target2:0:1: Beginning Domain Validation
[    6.405515] scsi target2:0:1: Domain Validation skipping write tests
[    6.406718] scsi target2:0:1: Ending Domain Validation
[    6.407717] scsi target2:0:1: asynchronous
[    6.414243] sd 2:0:0:0: Attached scsi generic sg0 type 0
[    6.438076] sd 2:0:0:0: [sda] 20971520 512-byte logical blocks: (10.7 GB/10.0 GiB)
[    6.442632] sd 2:0:1:0: Attached scsi generic sg1 type 0
[    6.442820] sd 2:0:1:0: [sdb] 20480 512-byte logical blocks: (10.5 MB/10.0 MiB)
[    6.442969] sd 2:0:1:0: [sdb] Write Protect is off
[    6.443060] sd 2:0:1:0: [sdb] Incomplete mode parameter data
[    6.443061] sd 2:0:1:0: [sdb] Assuming drive cache: write through
[    6.480590] sd 2:0:1:0: [sdb] Attached SCSI disk
[    6.596202] sd 2:0:0:0: [sda] Write Protect is off
[    6.597496] sd 2:0:0:0: [sda] Incomplete mode parameter data
[    6.598695] sd 2:0:0:0: [sda] Assuming drive cache: write through
[    6.612233]  sda: sda1
[    6.636255] sd 2:0:0:0: [sda] Attached SCSI disk
[    8.348235] floppy0: no floppy controllers found
Begin: Loading e[    9.788922] md: linear personality registered for level -1
ssential drivers ... [    9.818315] md: multipath personality registered for level -4
[    9.839265] md: raid0 personality registered for level 0
[    9.881127] md: raid1 personality registered for level 1
[    9.975155] raid6: sse2x1   gen()  8102 MB/s
[   10.080514] raid6: sse2x1   xor()  5833 MB/s
[   10.175131] raid6: sse2x2   gen() 10878 MB/s
[   10.252294] raid6: sse2x2   xor()  6727 MB/s
[   10.345157] raid6: sse2x4   gen() 12255 MB/s
[   10.485137] raid6: sse2x4   xor()  8516 MB/s
[   10.583634] raid6: using algorithm sse2x4 gen() 12255 MB/s
[   10.625795] raid6: .... xor() 8516 MB/s, rmw enabled
[   10.626721] raid6: using ssse3x2 recovery algorithm
[   10.648653] xor: automatically using best checksumming function:
[   10.716116]    avx       : 13180.000 MB/sec
[   10.743601] async_tx: api initialized (async)
[   10.758166] md: raid6 personality registered for level 6
[   10.769312] md: raid5 personality registered for level 5
[   10.770283] md: raid4 personality registered for level 4
[   10.777585] md: raid10 personality registered for level 10
done.
Begin: Running /scripts/init-premount ... done.
Begin: Mounting root file system ... Begin: Running /scripts/local-top ... don[   10.850983] Btrfs loaded
e.
Begin: Running /scripts/local-premount ... Scanning for Btrfs filesystems
done.
Warning: f[   10.943888] EXT4-fs (sda1): mounted filesystem with ordered data mode. Opts: (null)
sck not present, so skipping root file system
done.
Begin: Running /scripts/local-bottom ... done.
Begin: Running /scripts/init-bottom ... done.
[   11.733489] systemd[1]: systemd 229 running in system mode. (+PAM +AUDIT +SELINUX +IMA +APPARMOR +SMACK +SYSVINIT +UTMP +LIBCRYPTSETUP +GCRYPT +GNUTLS +ACL +XZ -LZ4 +SECCOMP +BLKID +ELFUTILS +KMOD -IDN)
[   11.762219] systemd[1]: Detected virtualization oracle.
[   11.812615] systemd[1]: Detected architecture x86-64.

Welcome to [1mUbuntu 16.04.4 LTS[0m!

[   11.927403] systemd[1]: Set hostname to <ubuntu-xenial>.
[   12.251731] random: nonblocking pool is initialized
[   12.951752] systemd[1]: Listening on /dev/initctl Compatibility Named Pipe.
[[0;32m  OK  [0m] Listening on /dev/initctl Compatibility Named Pipe.
[   12.965040] systemd[1]: Reached target User and Group Name Lookups.
[[0;32m  OK  [0m] Reached target User and Group Name Lookups.
[   12.970466] systemd[1]: Reached target Swap.
[[0;32m  OK  [0m] Reached target Swap.
[   12.991616] systemd[1]: Listening on LVM2 metadata daemon socket.
[[0;32m  OK  [0m] Listening on LVM2 metadata daemon socket.
[   13.008379] systemd[1]: Started Forward Password Requests to Wall Directory Watch.
[[0;32m  OK  [0m] Started Forward Password Requests to Wall Directory Watch.
[   13.028689] systemd[1]: Created slice System Slice.
[[0;32m  OK  [0m] Created slice System Slice.
[   13.048781] systemd[1]: Created slice system-serial\x2dgetty.slice.
[[0;32m  OK  [0m] Created slice system-serial\x2dgetty.slice.
[   13.062066] systemd[1]: Listening on Journal Socket.
[[0;32m  OK  [0m] Listening on Journal Socket.
[   13.084539] systemd[1]: Starting Remount Root and Kernel File Systems...
         Starting Remount Root and Kernel File Systems...
[   13.121194] systemd[1]: Starting Nameserver information manager...
         Starting Nameserver information manager...
[   13.184332] systemd[1]: Mounting Debug File System...
         Mounting Debug File System...
[   13.212730] systemd[1]: Listening on LVM2 poll daemon socket.
[[0;32m  OK  [0m] Listening on LVM2 poll daemon socket.
[   13.216752] systemd[1]: Mounting Huge Pages File System...
         Mounting Huge Pages File System...
[   13.240707] systemd[1]: Listening on udev Control Socket.
[[0;32m  OK  [0m] Listening on udev Control Socket.
[   13.269649] EXT4-fs (sda1): re-mounted. Opts: (null)
[   13.300974] systemd[1]: Starting Load Kernel Modules...
         Starting Load Kernel Modules...
[   13.310671] systemd[1]: Mounting POSIX Message Queue File System...
         Mounting POSIX Message Queue File System...
[   13.339176] systemd[1]: Listening on Journal Audit Socket.
[   13.355851] Loading iSCSI transport class v2.0-870.
[[0;32m  OK  [0m] Listening on Journal Audit Socket.
[   13.368757] systemd[1]: Listening on Journal Socket (/dev/log).
[[0;32m  OK  [0m] Listening on Journal Socket (/dev/log).
[   13.403224] systemd[1]: Reached target Encrypted Volumes.
[   13.415760] iscsi: registered transport (tcp)
[[0;32m  OK  [0m] Reached target Encrypted Volumes.
[   13.504384] systemd[1]: Starting Uncomplicated firewall...
         Starting Uncomplicated firewall...
[   13.539165] systemd[1]: Set up automount Arbitrary Executable File Formats File System Automount Point.
[[0;32m  OK  [0m] Set up automount Arbitrary Executab...ats File System Automount Point.
[   13.565138] iscsi: registered transport (iser)
[   13.608316] systemd[1]: Created slice User and Session Slice.
[[0;32m  OK  [0m] Created slice User and Session Slice.
[   13.766879] systemd[1]: Reached target Slices.
[[0;32m  OK  [0m] Reached target Slices.
[   13.776383] systemd[1]: Starting Set console keymap...
         Starting Set console keymap...
[   13.887960] systemd[1]: Listening on Syslog Socket.
[[0;32m  OK  [0m] Listening on Syslog Socket.
[   13.893503] systemd[1]: Starting Journal Service...
         Starting Journal Service...
[   13.936407] systemd[1]: Listening on udev Kernel Socket.
[[0;32m  OK  [0m] Listening on udev Kernel Socket.
[   13.955273] systemd[1]: Started Trigger resolvconf update for networkd DNS.
[[0;32m  OK  [0m] Started Trigger resolvconf update for networkd DNS.
[   13.976383] systemd[1]: Listening on Device-mapper event daemon FIFOs.
[[0;32m  OK  [0m] Listening on Device-mapper event daemon FIFOs.
[   14.024449] systemd[1]: Starting Monitoring of LVM2 mirrors, snapshots etc. using dmeventd or progress polling...
         Starting Monitoring of LVM2 mirrors... dmeventd or progress polling...
[   14.098648] systemd[1]: Starting Create list of required static device nodes for the current kernel...
         Starting Create list of required st... nodes for the current kernel...
[   14.113237] systemd[1]: Mounted Debug File System.
[[0;32m  OK  [0m] Mounted Debug File System.
[   14.119495] systemd[1]: Mounted POSIX Message Queue File System.
[[0;32m  OK  [0m] Mounted POSIX Message Queue File System.
[   14.127754] systemd[1]: Mounted Huge Pages File System.
[[0;32m  OK  [0m] Mounted Huge Pages File System.
[   14.132639] systemd[1]: Started Journal Service.
[[0;32m  OK  [0m] Started Journal Service.
[[0;32m  OK  [0m] Started Remount Root and Kernel File Systems.
[[0;32m  OK  [0m] Started Load Kernel Modules.
[[0;32m  OK  [0m] Started Uncomplicated firewall.
[[0;32m  OK  [0m] Started Set console keymap.
[[0;32m  OK  [0m] Started Create list of required sta...ce nodes for the current kernel.
[[0;32m  OK  [0m] Started Nameserver information manager.
[[0;32m  OK  [0m] Started LVM2 metadata daemon.
         Starting Create Static Device Nodes in /dev...
         Mounting FUSE Control File System...
         Starting Apply Kernel Variables...
         Starting udev Coldplug all Devices...
         Starting Load/Save Random Seed...
         Starting Initial cloud-init job (pre-networking)...
         Starting Flush Journal to Persistent Storage...
[[0;32m  OK  [0m] Mounted FUSE Control File System.
[[0;32m  OK  [0m] Started Apply Kernel Variables.
[[0;32m  OK  [0m] Started Load/Save Random Seed.
[[0;32m  OK  [0m] Started udev Coldplug all Devices.
[[0;32m  OK  [0m] Started Create Static Device Nodes in /dev.
         Starting udev Kernel Device Manager...
[[0;32m  OK  [0m] Started Flush Journal to Persistent Storage.
[[0;32m  OK  [0m] Started Monitoring of LVM2 mirrors,...ng dmeventd or progress polling.
[[0;32m  OK  [0m] Started udev Kernel Device Manager.
[[0;32m  OK  [0m] Started Dispatch Password Requests to Console Directory Watch.
[[0;32m  OK  [0m] Reached target Local File Systems (Pre).
[[0;32m  OK  [0m] Reached target Local File Systems.
         Starting Tell Plymouth To Write Out Runtime Data...
         Starting Create Volatile Files and Directories...
         Starting LSB: AppArmor initialization...
         Starting Set console font and keymap...
[[0;32m  OK  [0m] Started Tell Plymouth To Write Out Runtime Data.
[[0;32m  OK  [0m] Found device /dev/ttyS0.
[[0;32m  OK  [0m] Started Create Volatile Files and Directories.
[[0;32m  OK  [0m] Reached target System Time Synchronized.
         Starting Update UTMP about System Boot/Shutdown...
[[0;32m  OK  [0m] Started Update UTMP about System Boot/Shutdown.
[[0;32m  OK  [0m] Found device 82540EM Gigabit Ethern...r (PRO/1000 MT Desktop Adapter).
[[0;32m  OK  [0m] Started Set console font and keymap.
[[0;32m  OK  [0m] Listening on Load/Save RF Kill Switch Status /dev/rfkill Watch.
[[0;32m  OK  [0m] Created slice system-getty.slice.
[[0;32m  OK  [0m] Started LSB: AppArmor initialization.
[   18.329069] cloud-init[448]: Cloud-init v. 17.2 running 'init-local' at Tue, 20 Mar 2018 05:24:29 +0000. Up 17.68 seconds.
[[0;32m  OK  [0m] Started Initial cloud-init job (pre-networking).
[[0;32m  OK  [0m] Reached target Network (Pre).
         Starting Raise network interfaces...
[[0;32m  OK  [0m] Started ifup for enp0s3.
[[0;32m  OK  [0m] Started Raise network interfaces.
[[0;32m  OK  [0m] Reached target Network.
         Starting Initial cloud-init job (metadata service crawler)...
[   19.820732] cloud-init[973]: Cloud-init v. 17.2 running 'init' at Tue, 20 Mar 2018 05:24:30 +0000. Up 19.05 seconds.
[   19.826600] cloud-init[973]: ci-info: +++++++++++++++++++++++++++++++++++++Net device info++++++++++++++++++++++++++++++++++++++
[   19.831526] cloud-init[973]: ci-info: +--------+------+----------------------------+---------------+-------+-------------------+
[   19.842250] cloud-init[973]: ci-info: | Device |  Up  |          Address           |      Mask     | Scope |     Hw-Address    |
[   19.846928] cloud-init[973]: ci-info: +--------+------+----------------------------+---------------+-------+-------------------+
[   19.852383] cloud-init[973]: ci-info: | enp0s3 | True |         10.0.2.15          | 255.255.255.0 |   .   | 02:74:f2:80:ad:a4 |
[   19.881007] cloud-init[973]: ci-info: | enp0s3 | True | fe80::74:f2ff:fe80:ada4/64 |       .       |  link | 02:74:f2:80:ad:a4 |
[   19.885647] cloud-init[973]: ci-info: |   lo   | True |         127.0.0.1          |   255.0.0.0   |   .   |         .         |
[   19.889669] cloud-init[973]: ci-info: |   lo   | True |          ::1/128           |       .       |  host |         .         |
[   19.898742] cloud-init[973]: ci-info: +--------+------+----------------------------+---------------+-------+-------------------+
[   19.948734] cloud-init[973]: ci-info: +++++++++++++++++++++++++++Route IPv4 info++++++++++++++++++++++++++++
[   19.949197] cloud-init[973]: ci-info: +-------+-------------+----------+---------------+-----------+-------+
[[0;32m  OK  [0m] Started Initial cloud-init job (metadata service crawler).
[   19.949385] cloud-init[973]: ci-info: | Route | Destination | Gateway  |    Genmask    | Interface | Flags |
[   19.994576] cloud-init[973]: ci-info: +-------+-------------+----------+---------------+-----------+-------+
[   19.994895] cloud-init[973]: ci-info: |   0   |   0.0.0.0   | 10.0.2.2 |    0.0.0.0    |   enp0s3  |   UG  |
[[0;32m  OK  [0m] Reached target Cloud-config availability.
[[   19.995036] cloud-init[973]: ci-info: |   1   |   10.0.2.0  | 0.0.0.0  | 255.255.255.0 |   enp0s3  |   U   |
[   20.023741] cloud-init[973]: ci-info: +-------+-------------+----------+---------------+-----------+-------+
[0;32m  OK  [0m] Reached target Network is Online.
         Starting iSCSI initiator daemon (iscsid)...
[[0;32m  OK  [0m] Reached target System Initialization.
[[0;32m  OK  [0m] Listening on ACPID Listen Socket.
         Starting Socket activation for snappy daemon.
[[0;32m  OK  [0m] Started Timer to automatically refresh installed snaps.
[[0;32m  OK  [0m] Started Daily apt download activities.
[[0;32m  OK  [0m] Listening on UUID daemon activation socket.
[[0;32m  OK  [0m] Listening on D-Bus System Message Bus Socket.
[[0;32m  OK  [0m] Started Daily Cleanup of Temporary Directories.
[[0;32m  OK  [0m] Started ACPI Events Check.
[[0;32m  OK  [0m] Reached target Paths.
[[0;32m  OK  [0m] Started Daily apt upgrade and clean activities.
[[0;32m  OK  [0m] Reached target Timers.
         Starting LXD - unix socket.
[[0;32m  OK  [0m] Listening on Socket activation for snappy daemon.
[[0;32m  OK  [0m] Listening on LXD - unix socket.
[[0;32m  OK  [0m] Reached target Sockets.
[[0;32m  OK  [0m] Reached target Basic System.
[[0;32m  OK  [0m] Started Unattended Upgrades Shutdown.
         Starting Apply the settings specified in cloud-config...
         Starting /etc/rc.local Compatibility...
[[0;32m  OK  [0m] Started ACPI event daemon.
[[0;32m  OK  [0m] Started Deferred execution scheduler.
[[0;32m  OK  [0m] Started FUSE filesystem for LXC.
[[0;32m  OK  [0m] Started Regular background program processing daemon.
         Starting LXD - container startup/shutdown...
[[0;32m  OK  [0m] Started D-Bus System Message Bus.
[   20.979949] cloud-init[1027]: Cloud-init v. 17.2 running 'modules:config' at Tue, 20 Mar 2018 05:24:32 +0000. Up 20.69 seconds.
         Starting LSB: MD monitoring daemon...
         Starting Accounts Service...
         Starting OpenBSD Secure Shell server...
         Starting Login Service...
         Starting System Logging Service...
         Starting LSB: Record successful boot for GRUB...
         Starting Snappy daemon...
[[0;32m  OK  [0m] Started iSCSI initiator daemon (iscsid).
[[0;32m  OK  [0m] Started Apply the settings specified in cloud-config.
[[0;32m  OK  [0m] Started /etc/rc.local Compatibility.
         Starting Login to default iSCSI targets...
[[0;32m  OK  [0m] Started Login Service.
[[0;32m  OK  [0m] Started LSB: MD monitoring daemon.
[[0;32m  OK  [0m] Started LSB: Record successful boot for GRUB.
[[0;32m  OK  [0m] Started Login to default iSCSI targets.
[[0;32m  OK  [0m] Reached target Remote File Systems (Pre).
[[0;32m  OK  [0m] Reached target Remote File Systems.
         Starting LSB: Set the CPU Frequency Scaling governor to "ondemand"...
         Starting LSB: daemon to balance interrupts for SMP systems...
         Starting Permit User Sessions...
         Starting LSB: automatic crash report generation...
         Starting LSB: VirtualBox Linux Additions...
[[0;32m  OK  [0m] Started LSB: Set the CPU Frequency Scaling governor to "ondemand".
[[0;32m  OK  [0m] Started Permit User Sessions.
[[0;32m  OK  [0m] Started System Logging Service.
         Starting Hold until boot process finishes up...
         Starting Terminate Plymouth Boot Screen...
[[0;32m  OK  [0m] Started OpenBSD Secure Shell server.
[[0;32m  OK  [0m] Started Hold until boot process finishes up.
[[0;32m  OK  [0m] Started Terminate Plymouth Boot Screen.
[[0;32m  OK  [0m] Started Getty on tty1.
[[0;32m  OK  [0m] Started Serial Getty on ttyS0.
[[0;32m  OK  [0m] Reached target Login Prompts.
         Starting Set console scheme...
[[0;32m  OK  [0m] Started LSB: daemon to balance interrupts for SMP systems.
[[0;32m  OK  [0m] Started Set console scheme.
[[0;32m  OK  [0m] Started LSB: automatic crash report generation.
         Starting Authenticate and Authorize Users to Run Privileged Tasks...
[[0;32m  OK  [0m] Started Authenticate and Authorize Users to Run Privileged Tasks.
[[0;32m  OK  [0m] Started LSB: VirtualBox Linux Additions.
[[0;32m  OK  [0m] Started Accounts Service.
[[0;32m  OK  [0m] Started LXD - container startup/shutdown.
[[0;32m  OK  [0m] Started Snappy daemon.
[[0;32m  OK  [0m] Reached target Multi-User System.
         Starting Execute cloud user/final scripts...
[[0;32m  OK  [0m] Reached target Graphical Interface.
         Starting Update UTMP about System Runlevel Changes...
[[0;32m  OK  [0m] Started Update UTMP about System Runlevel Changes.
[   24.303070] cloud-init[1196]: Cloud-init v. 17.2 running 'modules:final' at Tue, 20 Mar 2018 05:24:35 +0000. Up 24.11 seconds.
[   24.432898] cloud-init[1196]: Cloud-init v. 17.2 finished at Tue, 20 Mar 2018 05:24:36 +0000. Datasource DataSourceNoCloud [seed=/dev/sdb][dsmode=net].  Up 24.29 seconds
[[0;32m  OK  [0m] Started Execute cloud user/final scripts.
[[0;32m  OK  [0m] Reached target Cloud-init target.

Ubuntu 16.04.4 LTS ubuntu-xenial ttyS0

ubuntu-xenial login: 